[2026-04-14 16:51:07] === Pull started ===
[2026-04-14 16:51:07] Pulling 1 M series from emergepr: ['h924d']
[2026-04-14 16:51:07] OK: emergepr M Ś 1 series, 434 observations each
[2026-04-14 16:51:07] Pulling 1 Q series from emergepr: ['n924ngpy']
[2026-04-14 16:51:07] OK: emergepr Q Ś 1 series, 144 observations each
[2026-04-14 16:52:15] === Pull started ===
[2026-04-14 16:52:15] Pulling 1 M series from emergepr: ['h924d']
[2026-04-14 16:52:15] OK: emergepr M Ś 1 series, 434 observations each
[2026-04-14 16:52:15] Pulling 1 Q series from emergepr: ['n924ngpy']
[2026-04-14 16:52:15] OK: emergepr Q Ś 1 series, 144 observations each
[2026-04-14 16:52:15] Written to \\EMDSWN45P\data\jlu2\haver_data\haver-data\data\data.parquet and \\EMDSWN45P\data\jlu2\haver_data\haver-data\data\metadata.parquet
[2026-04-14 16:52:15] === Pull complete ===
[2026-04-14 17:53:11] === Pull started ===
[2026-04-14 17:53:11] Pulling 65 M series from emergepr: ['n924d', 'n924trs', 'n924vr', 'n924fczm', 'n924ixd', 'n924imd', 's924vm', 's924vng', 'h924vcc', 'n924vfci', 'n924pcy', 'n924pcxg', 'n924pcyf', 'n924pci', 'n924pcs', 'h924pc', 'h924pcxz', 'h924pcff', 'h924pji', 'h924pjs', 'n924trs2', 'n924trsc', 'n924tsfb', 'n924tspp', 'n924tsau', 'n924tscd', 'h924d', 'n924dvgg', 'n924dvgm', 'n924dvgp', 's924vmg', 'y924vr', 'y924vr1', 'y924vr2', 'y924vr3', 'n924vvr', 'n924vrds', 'n924vrrd', 'n924fczg', 'n924fczb', 'n924fczn', 'n924iqxp', 'n924iqmp', 'n924ix', 'n924im', 'n924ixa4', 'n924ixjp', 'n924ixeu', 'n924ixus', 'h924ixd', 'h924imd', 'h924ix', 'h924im', 'n924euru', 'n924fzn9', 's924vme', 's924vnes', 's924vnec', 's924vmo', 's924vmsr', 's924vmd', 's924vngc', 's924vnoc', 's924vngs', 's924vnos']
[2026-04-14 17:53:11] OK: emergepr M Ś 65 series, 435 observations each
[2026-04-14 17:53:11] Pulling 23 M series from mktpmi: ['s924mg', 's924me', 's924se', 's924m', 's924mo', 's924s', 's924spc', 's924snb', 'm158m', 'm158s', 'm158mg', 'm158mo', 'm158se', 'm158snb', 'm158sx', 'm158me', 'm158md', 'm158mpi', 'm158mpo', 'm158mx', 'm158spi', 'm158spc', 'm158swo']
[2026-04-14 17:53:11] OK: mktpmi M Ś 23 series, 435 observations each
[2026-04-14 17:53:11] Pulling 65 M series from japan: ['jpsiip', 'jpfaral2', 'jpewfra2', 'omnn2', 'bngx2', 'ccia', 'jpcij', 'jpcij2', 'jpcijef', 'jpcijef2', 'jpcije', 'jpcije2', 'jpcit', 'jpcit2', 'jpcitef', 'jpcitef2', 'jpnce', 'jpncfxf', 'jpcijff', 'jpsir', 'jpscaic', 'jpscaidc', 'jpscaisc', 'jpsir2', 'cdai', 'cdae', 'cdad', 'jpniip', 'jpniipf', 'jpniipfi', 'jpniipct', 'jpsiipf', 'jpsiipfi', 'jpsiipct', 'jptis', 'jpstiewr', 'jptiseps', 'jptisebs', 'omnn', 'costsn', 'costs', 'cnorv', 'jpsivm', 'costsn2', 'costs2', 'cnorv2', 'fluedr2', 'flpr', 'mefac', 'mefcac', 'jpwtcei2', 'jpwccei2', 'jpitwvx', 'jpitwvm', 'jpituvx', 'jpitevx', 'jpitcvx', 'bngm2', 'jpnscx12', 'jpnsdx12', 'jpsivx', 'jpsivxcn', 'jpsivxeu', 'jpsivxna', 'jpsivxus']
[2026-04-14 17:53:11] OK: japan M Ś 65 series, 435 observations each
[2026-04-14 17:53:12] Pulling 7 Q series from japan: ['jsngpcp', 'jsnpccp', 'jsndfcp', 'jsnescp', 'saoa1a', 'saoa3a', 'saoa5a']
[2026-04-14 17:53:12] OK: japan Q Ś 7 series, 145 observations each
[2026-04-14 17:53:12] Written to \\EMDSWN45P\data\jlu2\haver_data\haver-data\data\data.parquet and \\EMDSWN45P\data\jlu2\haver_data\haver-data\data\metadata.parquet
[2026-04-14 17:53:12] === Pull complete ===
[2026-04-14 17:53:28] === Pull started ===
[2026-04-14 17:53:28] Pulling 65 M series from emergepr: ['n924d', 'n924trs', 'n924vr', 'n924fczm', 'n924ixd', 'n924imd', 's924vm', 's924vng', 'h924vcc', 'n924vfci', 'n924pcy', 'n924pcxg', 'n924pcyf', 'n924pci', 'n924pcs', 'h924pc', 'h924pcxz', 'h924pcff', 'h924pji', 'h924pjs', 'n924trs2', 'n924trsc', 'n924tsfb', 'n924tspp', 'n924tsau', 'n924tscd', 'h924d', 'n924dvgg', 'n924dvgm', 'n924dvgp', 's924vmg', 'y924vr', 'y924vr1', 'y924vr2', 'y924vr3', 'n924vvr', 'n924vrds', 'n924vrrd', 'n924fczg', 'n924fczb', 'n924fczn', 'n924iqxp', 'n924iqmp', 'n924ix', 'n924im', 'n924ixa4', 'n924ixjp', 'n924ixeu', 'n924ixus', 'h924ixd', 'h924imd', 'h924ix', 'h924im', 'n924euru', 'n924fzn9', 's924vme', 's924vnes', 's924vnec', 's924vmo', 's924vmsr', 's924vmd', 's924vngc', 's924vnoc', 's924vngs', 's924vnos']
[2026-04-14 17:53:29] OK: emergepr M Ś 65 series, 435 observations each
[2026-04-14 17:53:29] Pulling 23 M series from mktpmi: ['s924mg', 's924me', 's924se', 's924m', 's924mo', 's924s', 's924spc', 's924snb', 'm158m', 'm158s', 'm158mg', 'm158mo', 'm158se', 'm158snb', 'm158sx', 'm158me', 'm158md', 'm158mpi', 'm158mpo', 'm158mx', 'm158spi', 'm158spc', 'm158swo']
[2026-04-14 17:53:29] OK: mktpmi M Ś 23 series, 435 observations each
[2026-04-14 17:53:29] Pulling 65 M series from japan: ['jpsiip', 'jpfaral2', 'jpewfra2', 'omnn2', 'bngx2', 'ccia', 'jpcij', 'jpcij2', 'jpcijef', 'jpcijef2', 'jpcije', 'jpcije2', 'jpcit', 'jpcit2', 'jpcitef', 'jpcitef2', 'jpnce', 'jpncfxf', 'jpcijff', 'jpsir', 'jpscaic', 'jpscaidc', 'jpscaisc', 'jpsir2', 'cdai', 'cdae', 'cdad', 'jpniip', 'jpniipf', 'jpniipfi', 'jpniipct', 'jpsiipf', 'jpsiipfi', 'jpsiipct', 'jptis', 'jpstiewr', 'jptiseps', 'jptisebs', 'omnn', 'costsn', 'costs', 'cnorv', 'jpsivm', 'costsn2', 'costs2', 'cnorv2', 'fluedr2', 'flpr', 'mefac', 'mefcac', 'jpwtcei2', 'jpwccei2', 'jpitwvx', 'jpitwvm', 'jpituvx', 'jpitevx', 'jpitcvx', 'bngm2', 'jpnscx12', 'jpnsdx12', 'jpsivx', 'jpsivxcn', 'jpsivxeu', 'jpsivxna', 'jpsivxus']
[2026-04-14 17:53:29] OK: japan M Ś 65 series, 435 observations each
[2026-04-14 17:53:29] Pulling 7 Q series from japan: ['jsngpcp', 'jsnpccp', 'jsndfcp', 'jsnescp', 'saoa1a', 'saoa3a', 'saoa5a']
[2026-04-14 17:53:29] OK: japan Q Ś 7 series, 145 observations each
[2026-04-14 17:53:29] Written to \\EMDSWN45P\data\jlu2\haver_data\haver-data\data\data.parquet and \\EMDSWN45P\data\jlu2\haver_data\haver-data\data\metadata.parquet
[2026-04-14 17:53:29] === Pull complete ===
[2026-04-14 17:54:02] === Pull started ===
[2026-04-14 17:54:02] Pulling 65 M series from emergepr: ['n924d', 'n924trs', 'n924vr', 'n924fczm', 'n924ixd', 'n924imd', 's924vm', 's924vng', 'h924vcc', 'n924vfci', 'n924pcy', 'n924pcxg', 'n924pcyf', 'n924pci', 'n924pcs', 'h924pc', 'h924pcxz', 'h924pcff', 'h924pji', 'h924pjs', 'n924trs2', 'n924trsc', 'n924tsfb', 'n924tspp', 'n924tsau', 'n924tscd', 'h924d', 'n924dvgg', 'n924dvgm', 'n924dvgp', 's924vmg', 'y924vr', 'y924vr1', 'y924vr2', 'y924vr3', 'n924vvr', 'n924vrds', 'n924vrrd', 'n924fczg', 'n924fczb', 'n924fczn', 'n924iqxp', 'n924iqmp', 'n924ix', 'n924im', 'n924ixa4', 'n924ixjp', 'n924ixeu', 'n924ixus', 'h924ixd', 'h924imd', 'h924ix', 'h924im', 'n924euru', 'n924fzn9', 's924vme', 's924vnes', 's924vnec', 's924vmo', 's924vmsr', 's924vmd', 's924vngc', 's924vnoc', 's924vngs', 's924vnos']
[2026-04-14 17:54:02] OK: emergepr M Ś 65 series, 435 observations each
[2026-04-14 17:54:02] Pulling 23 M series from mktpmi: ['s924mg', 's924me', 's924se', 's924m', 's924mo', 's924s', 's924spc', 's924snb', 'm158m', 'm158s', 'm158mg', 'm158mo', 'm158se', 'm158snb', 'm158sx', 'm158me', 'm158md', 'm158mpi', 'm158mpo', 'm158mx', 'm158spi', 'm158spc', 'm158swo']
[2026-04-14 17:54:02] OK: mktpmi M Ś 23 series, 435 observations each
[2026-04-14 17:54:02] Pulling 65 M series from japan: ['jpsiip', 'jpfaral2', 'jpewfra2', 'omnn2', 'bngx2', 'ccia', 'jpcij', 'jpcij2', 'jpcijef', 'jpcijef2', 'jpcije', 'jpcije2', 'jpcit', 'jpcit2', 'jpcitef', 'jpcitef2', 'jpnce', 'jpncfxf', 'jpcijff', 'jpsir', 'jpscaic', 'jpscaidc', 'jpscaisc', 'jpsir2', 'cdai', 'cdae', 'cdad', 'jpniip', 'jpniipf', 'jpniipfi', 'jpniipct', 'jpsiipf', 'jpsiipfi', 'jpsiipct', 'jptis', 'jpstiewr', 'jptiseps', 'jptisebs', 'omnn', 'costsn', 'costs', 'cnorv', 'jpsivm', 'costsn2', 'costs2', 'cnorv2', 'fluedr2', 'flpr', 'mefac', 'mefcac', 'jpwtcei2', 'jpwccei2', 'jpitwvx', 'jpitwvm', 'jpituvx', 'jpitevx', 'jpitcvx', 'bngm2', 'jpnscx12', 'jpnsdx12', 'jpsivx', 'jpsivxcn', 'jpsivxeu', 'jpsivxna', 'jpsivxus']
[2026-04-14 17:54:02] OK: japan M Ś 65 series, 435 observations each
[2026-04-14 17:54:02] Pulling 7 Q series from japan: ['jsngpcp', 'jsnpccp', 'jsndfcp', 'jsnescp', 'saoa1a', 'saoa3a', 'saoa5a']
[2026-04-14 17:54:03] OK: japan Q Ś 7 series, 145 observations each
[2026-04-14 17:54:03] Written to \\EMDSWN45P\data\jlu2\haver_data\haver-data\data\data.parquet and \\EMDSWN45P\data\jlu2\haver_data\haver-data\data\metadata.parquet
[2026-04-14 17:54:03] === Pull complete ===
[2026-04-14 18:00:37] === Pull started ===
[2026-04-14 18:00:37] Pulling 65 M series from emergepr: ['n924d', 'n924trs', 'n924vr', 'n924fczm', 'n924ixd', 'n924imd', 's924vm', 's924vng', 'h924vcc', 'n924vfci', 'n924pcy', 'n924pcxg', 'n924pcyf', 'n924pci', 'n924pcs', 'h924pc', 'h924pcxz', 'h924pcff', 'h924pji', 'h924pjs', 'n924trs2', 'n924trsc', 'n924tsfb', 'n924tspp', 'n924tsau', 'n924tscd', 'h924d', 'n924dvgg', 'n924dvgm', 'n924dvgp', 's924vmg', 'y924vr', 'y924vr1', 'y924vr2', 'y924vr3', 'n924vvr', 'n924vrds', 'n924vrrd', 'n924fczg', 'n924fczb', 'n924fczn', 'n924iqxp', 'n924iqmp', 'n924ix', 'n924im', 'n924ixa4', 'n924ixjp', 'n924ixeu', 'n924ixus', 'h924ixd', 'h924imd', 'h924ix', 'h924im', 'n924euru', 'n924fzn9', 's924vme', 's924vnes', 's924vnec', 's924vmo', 's924vmsr', 's924vmd', 's924vngc', 's924vnoc', 's924vngs', 's924vnos']
[2026-04-14 18:00:38] OK: emergepr M Ś 65 series, 435 observations each
[2026-04-14 18:00:38] Pulling 23 M series from mktpmi: ['s924mg', 's924me', 's924se', 's924m', 's924mo', 's924s', 's924spc', 's924snb', 'm158m', 'm158s', 'm158mg', 'm158mo', 'm158se', 'm158snb', 'm158sx', 'm158me', 'm158md', 'm158mpi', 'm158mpo', 'm158mx', 'm158spi', 'm158spc', 'm158swo']
[2026-04-14 18:00:38] OK: mktpmi M Ś 23 series, 435 observations each
[2026-04-14 18:00:38] Pulling 65 M series from japan: ['jpsiip', 'jpfaral2', 'jpewfra2', 'omnn2', 'bngx2', 'ccia', 'jpcij', 'jpcij2', 'jpcijef', 'jpcijef2', 'jpcije', 'jpcije2', 'jpcit', 'jpcit2', 'jpcitef', 'jpcitef2', 'jpnce', 'jpncfxf', 'jpcijff', 'jpsir', 'jpscaic', 'jpscaidc', 'jpscaisc', 'jpsir2', 'cdai', 'cdae', 'cdad', 'jpniip', 'jpniipf', 'jpniipfi', 'jpniipct', 'jpsiipf', 'jpsiipfi', 'jpsiipct', 'jptis', 'jpstiewr', 'jptiseps', 'jptisebs', 'omnn', 'costsn', 'costs', 'cnorv', 'jpsivm', 'costsn2', 'costs2', 'cnorv2', 'fluedr2', 'flpr', 'mefac', 'mefcac', 'jpwtcei2', 'jpwccei2', 'jpitwvx', 'jpitwvm', 'jpituvx', 'jpitevx', 'jpitcvx', 'bngm2', 'jpnscx12', 'jpnsdx12', 'jpsivx', 'jpsivxcn', 'jpsivxeu', 'jpsivxna', 'jpsivxus']
[2026-04-14 18:00:38] OK: japan M Ś 65 series, 435 observations each
[2026-04-14 18:00:38] Pulling 7 Q series from japan: ['jsngpcp', 'jsnpccp', 'jsndfcp', 'jsnescp', 'saoa1a', 'saoa3a', 'saoa5a']
[2026-04-14 18:00:38] OK: japan Q Ś 7 series, 145 observations each
[2026-04-14 18:00:54] === Pull started ===
[2026-04-14 18:00:54] Pulling 65 M series from emergepr: ['n924d', 'n924trs', 'n924vr', 'n924fczm', 'n924ixd', 'n924imd', 's924vm', 's924vng', 'h924vcc', 'n924vfci', 'n924pcy', 'n924pcxg', 'n924pcyf', 'n924pci', 'n924pcs', 'h924pc', 'h924pcxz', 'h924pcff', 'h924pji', 'h924pjs', 'n924trs2', 'n924trsc', 'n924tsfb', 'n924tspp', 'n924tsau', 'n924tscd', 'h924d', 'n924dvgg', 'n924dvgm', 'n924dvgp', 's924vmg', 'y924vr', 'y924vr1', 'y924vr2', 'y924vr3', 'n924vvr', 'n924vrds', 'n924vrrd', 'n924fczg', 'n924fczb', 'n924fczn', 'n924iqxp', 'n924iqmp', 'n924ix', 'n924im', 'n924ixa4', 'n924ixjp', 'n924ixeu', 'n924ixus', 'h924ixd', 'h924imd', 'h924ix', 'h924im', 'n924euru', 'n924fzn9', 's924vme', 's924vnes', 's924vnec', 's924vmo', 's924vmsr', 's924vmd', 's924vngc', 's924vnoc', 's924vngs', 's924vnos']
[2026-04-14 18:00:54] OK: emergepr M Ś 65 series, 435 observations each
[2026-04-14 18:00:54] Pulling 23 M series from mktpmi: ['s924mg', 's924me', 's924se', 's924m', 's924mo', 's924s', 's924spc', 's924snb', 'm158m', 'm158s', 'm158mg', 'm158mo', 'm158se', 'm158snb', 'm158sx', 'm158me', 'm158md', 'm158mpi', 'm158mpo', 'm158mx', 'm158spi', 'm158spc', 'm158swo']
[2026-04-14 18:00:54] OK: mktpmi M Ś 23 series, 435 observations each
[2026-04-14 18:00:54] Pulling 65 M series from japan: ['jpsiip', 'jpfaral2', 'jpewfra2', 'omnn2', 'bngx2', 'ccia', 'jpcij', 'jpcij2', 'jpcijef', 'jpcijef2', 'jpcije', 'jpcije2', 'jpcit', 'jpcit2', 'jpcitef', 'jpcitef2', 'jpnce', 'jpncfxf', 'jpcijff', 'jpsir', 'jpscaic', 'jpscaidc', 'jpscaisc', 'jpsir2', 'cdai', 'cdae', 'cdad', 'jpniip', 'jpniipf', 'jpniipfi', 'jpniipct', 'jpsiipf', 'jpsiipfi', 'jpsiipct', 'jptis', 'jpstiewr', 'jptiseps', 'jptisebs', 'omnn', 'costsn', 'costs', 'cnorv', 'jpsivm', 'costsn2', 'costs2', 'cnorv2', 'fluedr2', 'flpr', 'mefac', 'mefcac', 'jpwtcei2', 'jpwccei2', 'jpitwvx', 'jpitwvm', 'jpituvx', 'jpitevx', 'jpitcvx', 'bngm2', 'jpnscx12', 'jpnsdx12', 'jpsivx', 'jpsivxcn', 'jpsivxeu', 'jpsivxna', 'jpsivxus']
[2026-04-14 18:00:55] OK: japan M Ś 65 series, 435 observations each
[2026-04-14 18:00:55] Pulling 7 Q series from japan: ['jsngpcp', 'jsnpccp', 'jsndfcp', 'jsnescp', 'saoa1a', 'saoa3a', 'saoa5a']
[2026-04-14 18:00:55] OK: japan Q Ś 7 series, 145 observations each
[2026-04-14 18:02:24] === Pull started ===
[2026-04-14 18:02:24] Pulling 65 M series from emergepr: ['n924d', 'n924trs', 'n924vr', 'n924fczm', 'n924ixd', 'n924imd', 's924vm', 's924vng', 'h924vcc', 'n924vfci', 'n924pcy', 'n924pcxg', 'n924pcyf', 'n924pci', 'n924pcs', 'h924pc', 'h924pcxz', 'h924pcff', 'h924pji', 'h924pjs', 'n924trs2', 'n924trsc', 'n924tsfb', 'n924tspp', 'n924tsau', 'n924tscd', 'h924d', 'n924dvgg', 'n924dvgm', 'n924dvgp', 's924vmg', 'y924vr', 'y924vr1', 'y924vr2', 'y924vr3', 'n924vvr', 'n924vrds', 'n924vrrd', 'n924fczg', 'n924fczb', 'n924fczn', 'n924iqxp', 'n924iqmp', 'n924ix', 'n924im', 'n924ixa4', 'n924ixjp', 'n924ixeu', 'n924ixus', 'h924ixd', 'h924imd', 'h924ix', 'h924im', 'n924euru', 'n924fzn9', 's924vme', 's924vnes', 's924vnec', 's924vmo', 's924vmsr', 's924vmd', 's924vngc', 's924vnoc', 's924vngs', 's924vnos']
[2026-04-14 18:02:24] OK: emergepr M Ś 65 series, 435 observations each
[2026-04-14 18:02:24] Pulling 23 M series from mktpmi: ['s924mg', 's924me', 's924se', 's924m', 's924mo', 's924s', 's924spc', 's924snb', 'm158m', 'm158s', 'm158mg', 'm158mo', 'm158se', 'm158snb', 'm158sx', 'm158me', 'm158md', 'm158mpi', 'm158mpo', 'm158mx', 'm158spi', 'm158spc', 'm158swo']
[2026-04-14 18:02:24] OK: mktpmi M Ś 23 series, 435 observations each
[2026-04-14 18:02:24] Pulling 65 M series from japan: ['jpsiip', 'jpfaral2', 'jpewfra2', 'omnn2', 'bngx2', 'ccia', 'jpcij', 'jpcij2', 'jpcijef', 'jpcijef2', 'jpcije', 'jpcije2', 'jpcit', 'jpcit2', 'jpcitef', 'jpcitef2', 'jpnce', 'jpncfxf', 'jpcijff', 'jpsir', 'jpscaic', 'jpscaidc', 'jpscaisc', 'jpsir2', 'cdai', 'cdae', 'cdad', 'jpniip', 'jpniipf', 'jpniipfi', 'jpniipct', 'jpsiipf', 'jpsiipfi', 'jpsiipct', 'jptis', 'jpstiewr', 'jptiseps', 'jptisebs', 'omnn', 'costsn', 'costs', 'cnorv', 'jpsivm', 'costsn2', 'costs2', 'cnorv2', 'fluedr2', 'flpr', 'mefac', 'mefcac', 'jpwtcei2', 'jpwccei2', 'jpitwvx', 'jpitwvm', 'jpituvx', 'jpitevx', 'jpitcvx', 'bngm2', 'jpnscx12', 'jpnsdx12', 'jpsivx', 'jpsivxcn', 'jpsivxeu', 'jpsivxna', 'jpsivxus']
[2026-04-14 18:02:25] OK: japan M Ś 65 series, 435 observations each
[2026-04-14 18:02:25] Pulling 7 Q series from japan: ['jsngpcp', 'jsnpccp', 'jsndfcp', 'jsnescp', 'saoa1a', 'saoa3a', 'saoa5a']
[2026-04-14 18:02:25] OK: japan Q Ś 7 series, 145 observations each
[2026-04-14 18:02:41] === Pull started ===
[2026-04-14 18:02:41] Pulling 65 M series from emergepr: ['n924d', 'n924trs', 'n924vr', 'n924fczm', 'n924ixd', 'n924imd', 's924vm', 's924vng', 'h924vcc', 'n924vfci', 'n924pcy', 'n924pcxg', 'n924pcyf', 'n924pci', 'n924pcs', 'h924pc', 'h924pcxz', 'h924pcff', 'h924pji', 'h924pjs', 'n924trs2', 'n924trsc', 'n924tsfb', 'n924tspp', 'n924tsau', 'n924tscd', 'h924d', 'n924dvgg', 'n924dvgm', 'n924dvgp', 's924vmg', 'y924vr', 'y924vr1', 'y924vr2', 'y924vr3', 'n924vvr', 'n924vrds', 'n924vrrd', 'n924fczg', 'n924fczb', 'n924fczn', 'n924iqxp', 'n924iqmp', 'n924ix', 'n924im', 'n924ixa4', 'n924ixjp', 'n924ixeu', 'n924ixus', 'h924ixd', 'h924imd', 'h924ix', 'h924im', 'n924euru', 'n924fzn9', 's924vme', 's924vnes', 's924vnec', 's924vmo', 's924vmsr', 's924vmd', 's924vngc', 's924vnoc', 's924vngs', 's924vnos']
[2026-04-14 18:02:41] OK: emergepr M Ś 65 series, 435 observations each
[2026-04-14 18:02:41] Pulling 23 M series from mktpmi: ['s924mg', 's924me', 's924se', 's924m', 's924mo', 's924s', 's924spc', 's924snb', 'm158m', 'm158s', 'm158mg', 'm158mo', 'm158se', 'm158snb', 'm158sx', 'm158me', 'm158md', 'm158mpi', 'm158mpo', 'm158mx', 'm158spi', 'm158spc', 'm158swo']
[2026-04-14 18:02:41] OK: mktpmi M Ś 23 series, 435 observations each
[2026-04-14 18:02:42] Pulling 65 M series from japan: ['jpsiip', 'jpfaral2', 'jpewfra2', 'omnn2', 'bngx2', 'ccia', 'jpcij', 'jpcij2', 'jpcijef', 'jpcijef2', 'jpcije', 'jpcije2', 'jpcit', 'jpcit2', 'jpcitef', 'jpcitef2', 'jpnce', 'jpncfxf', 'jpcijff', 'jpsir', 'jpscaic', 'jpscaidc', 'jpscaisc', 'jpsir2', 'cdai', 'cdae', 'cdad', 'jpniip', 'jpniipf', 'jpniipfi', 'jpniipct', 'jpsiipf', 'jpsiipfi', 'jpsiipct', 'jptis', 'jpstiewr', 'jptiseps', 'jptisebs', 'omnn', 'costsn', 'costs', 'cnorv', 'jpsivm', 'costsn2', 'costs2', 'cnorv2', 'fluedr2', 'flpr', 'mefac', 'mefcac', 'jpwtcei2', 'jpwccei2', 'jpitwvx', 'jpitwvm', 'jpituvx', 'jpitevx', 'jpitcvx', 'bngm2', 'jpnscx12', 'jpnsdx12', 'jpsivx', 'jpsivxcn', 'jpsivxeu', 'jpsivxna', 'jpsivxus']
[2026-04-14 18:02:42] OK: japan M Ś 65 series, 435 observations each
[2026-04-14 18:02:42] Pulling 7 Q series from japan: ['jsngpcp', 'jsnpccp', 'jsndfcp', 'jsnescp', 'saoa1a', 'saoa3a', 'saoa5a']
[2026-04-14 18:02:42] OK: japan Q Ś 7 series, 145 observations each
[2026-04-14 18:03:06] === Pull started ===
[2026-04-14 18:03:06] Pulling 65 M series from emergepr: ['n924d', 'n924trs', 'n924vr', 'n924fczm', 'n924ixd', 'n924imd', 's924vm', 's924vng', 'h924vcc', 'n924vfci', 'n924pcy', 'n924pcxg', 'n924pcyf', 'n924pci', 'n924pcs', 'h924pc', 'h924pcxz', 'h924pcff', 'h924pji', 'h924pjs', 'n924trs2', 'n924trsc', 'n924tsfb', 'n924tspp', 'n924tsau', 'n924tscd', 'h924d', 'n924dvgg', 'n924dvgm', 'n924dvgp', 's924vmg', 'y924vr', 'y924vr1', 'y924vr2', 'y924vr3', 'n924vvr', 'n924vrds', 'n924vrrd', 'n924fczg', 'n924fczb', 'n924fczn', 'n924iqxp', 'n924iqmp', 'n924ix', 'n924im', 'n924ixa4', 'n924ixjp', 'n924ixeu', 'n924ixus', 'h924ixd', 'h924imd', 'h924ix', 'h924im', 'n924euru', 'n924fzn9', 's924vme', 's924vnes', 's924vnec', 's924vmo', 's924vmsr', 's924vmd', 's924vngc', 's924vnoc', 's924vngs', 's924vnos']
[2026-04-14 18:03:06] OK: emergepr M Ś 65 series, 435 observations each
[2026-04-14 18:03:06] Pulling 23 M series from mktpmi: ['s924mg', 's924me', 's924se', 's924m', 's924mo', 's924s', 's924spc', 's924snb', 'm158m', 'm158s', 'm158mg', 'm158mo', 'm158se', 'm158snb', 'm158sx', 'm158me', 'm158md', 'm158mpi', 'm158mpo', 'm158mx', 'm158spi', 'm158spc', 'm158swo']
[2026-04-14 18:03:06] OK: mktpmi M Ś 23 series, 435 observations each
[2026-04-14 18:03:06] Pulling 65 M series from japan: ['jpsiip', 'jpfaral2', 'jpewfra2', 'omnn2', 'bngx2', 'ccia', 'jpcij', 'jpcij2', 'jpcijef', 'jpcijef2', 'jpcije', 'jpcije2', 'jpcit', 'jpcit2', 'jpcitef', 'jpcitef2', 'jpnce', 'jpncfxf', 'jpcijff', 'jpsir', 'jpscaic', 'jpscaidc', 'jpscaisc', 'jpsir2', 'cdai', 'cdae', 'cdad', 'jpniip', 'jpniipf', 'jpniipfi', 'jpniipct', 'jpsiipf', 'jpsiipfi', 'jpsiipct', 'jptis', 'jpstiewr', 'jptiseps', 'jptisebs', 'omnn', 'costsn', 'costs', 'cnorv', 'jpsivm', 'costsn2', 'costs2', 'cnorv2', 'fluedr2', 'flpr', 'mefac', 'mefcac', 'jpwtcei2', 'jpwccei2', 'jpitwvx', 'jpitwvm', 'jpituvx', 'jpitevx', 'jpitcvx', 'bngm2', 'jpnscx12', 'jpnsdx12', 'jpsivx', 'jpsivxcn', 'jpsivxeu', 'jpsivxna', 'jpsivxus']
[2026-04-14 18:03:07] OK: japan M Ś 65 series, 435 observations each
[2026-04-14 18:03:07] Pulling 7 Q series from japan: ['jsngpcp', 'jsnpccp', 'jsndfcp', 'jsnescp', 'saoa1a', 'saoa3a', 'saoa5a']
[2026-04-14 18:03:07] OK: japan Q Ś 7 series, 145 observations each
[2026-04-14 18:05:06] === Pull started ===
[2026-04-14 18:06:51] === Pull started ===
[2026-04-14 18:06:51] Pulling 65 M series from emergepr: ['n924d', 'n924trs', 'n924vr', 'n924fczm', 'n924ixd', 'n924imd', 's924vm', 's924vng', 'h924vcc', 'n924vfci', 'n924pcy', 'n924pcxg', 'n924pcyf', 'n924pci', 'n924pcs', 'h924pc', 'h924pcxz', 'h924pcff', 'h924pji', 'h924pjs', 'n924trs2', 'n924trsc', 'n924tsfb', 'n924tspp', 'n924tsau', 'n924tscd', 'h924d', 'n924dvgg', 'n924dvgm', 'n924dvgp', 's924vmg', 'y924vr', 'y924vr1', 'y924vr2', 'y924vr3', 'n924vvr', 'n924vrds', 'n924vrrd', 'n924fczg', 'n924fczb', 'n924fczn', 'n924iqxp', 'n924iqmp', 'n924ix', 'n924im', 'n924ixa4', 'n924ixjp', 'n924ixeu', 'n924ixus', 'h924ixd', 'h924imd', 'h924ix', 'h924im', 'n924euru', 'n924fzn9', 's924vme', 's924vnes', 's924vnec', 's924vmo', 's924vmsr', 's924vmd', 's924vngc', 's924vnoc', 's924vngs', 's924vnos']
[2026-04-14 18:06:52] OK: emergepr M Ś 65 series, 435 observations each
[2026-04-14 18:06:52] Pulling 23 M series from mktpmi: ['s924mg', 's924me', 's924se', 's924m', 's924mo', 's924s', 's924spc', 's924snb', 'm158m', 'm158s', 'm158mg', 'm158mo', 'm158se', 'm158snb', 'm158sx', 'm158me', 'm158md', 'm158mpi', 'm158mpo', 'm158mx', 'm158spi', 'm158spc', 'm158swo']
[2026-04-14 18:06:52] OK: mktpmi M Ś 23 series, 435 observations each
[2026-04-14 18:06:52] Pulling 65 M series from japan: ['jpsiip', 'jpfaral2', 'jpewfra2', 'omnn2', 'bngx2', 'ccia', 'jpcij', 'jpcij2', 'jpcijef', 'jpcijef2', 'jpcije', 'jpcije2', 'jpcit', 'jpcit2', 'jpcitef', 'jpcitef2', 'jpnce', 'jpncfxf', 'jpcijff', 'jpsir', 'jpscaic', 'jpscaidc', 'jpscaisc', 'jpsir2', 'cdai', 'cdae', 'cdad', 'jpniip', 'jpniipf', 'jpniipfi', 'jpniipct', 'jpsiipf', 'jpsiipfi', 'jpsiipct', 'jptis', 'jpstiewr', 'jptiseps', 'jptisebs', 'omnn', 'costsn', 'costs', 'cnorv', 'jpsivm', 'costsn2', 'costs2', 'cnorv2', 'fluedr2', 'flpr', 'mefac', 'mefcac', 'jpwtcei2', 'jpwccei2', 'jpitwvx', 'jpitwvm', 'jpituvx', 'jpitevx', 'jpitcvx', 'bngm2', 'jpnscx12', 'jpnsdx12', 'jpsivx', 'jpsivxcn', 'jpsivxeu', 'jpsivxna', 'jpsivxus']
[2026-04-14 18:06:52] OK: japan M Ś 65 series, 435 observations each
[2026-04-14 18:06:52] Pulling 7 Q series from japan: ['jsngpcp', 'jsnpccp', 'jsndfcp', 'jsnescp', 'saoa1a', 'saoa3a', 'saoa5a']
[2026-04-14 18:06:52] OK: japan Q Ś 7 series, 145 observations each
[2026-04-14 18:06:52] Written to Z:\haver-data\data\data.parquet and Z:\haver-data\data\metadata.parquet
[2026-04-14 18:06:53] === Pull complete ===
